[debug] [2024-03-10T22:33:54.609Z] ----------------------------------------------------------------------
[debug] [2024-03-10T22:33:54.613Z] Command:       C:\Program Files\nodejs\node.exe C:\Users\blais\AppData\Roaming\npm\node_modules\firebase-tools\lib\bin\firebase.js init
[debug] [2024-03-10T22:33:54.613Z] CLI Version:   13.4.1
[debug] [2024-03-10T22:33:54.614Z] Platform:      win32
[debug] [2024-03-10T22:33:54.614Z] Node Version:  v18.13.0
[debug] [2024-03-10T22:33:54.621Z] Time:          Sun Mar 10 2024 18:33:54 GMT-0400 (Eastern Daylight Time)
[debug] [2024-03-10T22:33:54.622Z] ----------------------------------------------------------------------
[debug] 
[debug] [2024-03-10T22:33:54.633Z] > command requires scopes: ["email","openid","https://www.googleapis.com/auth/cloudplatformprojects.readonly","https://www.googleapis.com/auth/firebase","https://www.googleapis.com/auth/cloud-platform"]
[debug] [2024-03-10T22:33:54.634Z] > authorizing via signed-in user (blaisemu007@gmail.com)
[info] 
     ######## #### ########  ######## ########     ###     ######  ########
     ##        ##  ##     ## ##       ##     ##  ##   ##  ##       ##
     ######    ##  ########  ######   ########  #########  ######  ######
     ##        ##  ##    ##  ##       ##     ## ##     ##       ## ##
     ##       #### ##     ## ######## ########  ##     ##  ######  ########

You're about to initialize a Firebase project in this directory:

  C:\Users\blais\OneDrive\Desktop\asa-website

[info] 
=== Project Setup
[info] 
[info] First, let's associate this project directory with a Firebase project.
[info] You can create multiple project aliases by running firebase use --add, 
[info] but for now we'll just set up a default project.
[info] 
[debug] [2024-03-10T22:36:24.378Z] >>> [apiv2][query] GET https://firebase.googleapis.com/v1beta1/projects pageSize=100
[debug] [2024-03-10T22:36:24.887Z] <<< [apiv2][status] GET https://firebase.googleapis.com/v1beta1/projects 200
[debug] [2024-03-10T22:36:24.887Z] <<< [apiv2][body] GET https://firebase.googleapis.com/v1beta1/projects [omitted]
[info] i  Using project asa-website-497e5 (asa-website) 
[info] 
=== Database Setup
[info] i  database: ensuring required API firebasedatabase.googleapis.com is enabled... 
[debug] [2024-03-10T22:36:28.249Z] >>> [apiv2][query] GET https://serviceusage.googleapis.com/v1/projects/asa-website-497e5/services/firebasedatabase.googleapis.com [none]
[debug] [2024-03-10T22:36:28.249Z] >>> [apiv2][(partial)header] GET https://serviceusage.googleapis.com/v1/projects/asa-website-497e5/services/firebasedatabase.googleapis.com x-goog-quota-user=projects/asa-website-497e5
[debug] [2024-03-10T22:36:28.889Z] <<< [apiv2][status] GET https://serviceusage.googleapis.com/v1/projects/asa-website-497e5/services/firebasedatabase.googleapis.com 200
[debug] [2024-03-10T22:36:28.889Z] <<< [apiv2][body] GET https://serviceusage.googleapis.com/v1/projects/asa-website-497e5/services/firebasedatabase.googleapis.com [omitted]
[warn] !  database: missing required API firebasedatabase.googleapis.com. Enabling now... 
[debug] [2024-03-10T22:36:28.890Z] >>> [apiv2][query] POST https://serviceusage.googleapis.com/v1/projects/asa-website-497e5/services/firebasedatabase.googleapis.com:enable [none]
[debug] [2024-03-10T22:36:28.890Z] >>> [apiv2][(partial)header] POST https://serviceusage.googleapis.com/v1/projects/asa-website-497e5/services/firebasedatabase.googleapis.com:enable x-goog-quota-user=projects/asa-website-497e5
[debug] [2024-03-10T22:36:29.504Z] <<< [apiv2][status] POST https://serviceusage.googleapis.com/v1/projects/asa-website-497e5/services/firebasedatabase.googleapis.com:enable 200
[debug] [2024-03-10T22:36:29.504Z] <<< [apiv2][body] POST https://serviceusage.googleapis.com/v1/projects/asa-website-497e5/services/firebasedatabase.googleapis.com:enable [omitted]
[debug] [2024-03-10T22:36:39.507Z] >>> [apiv2][query] GET https://serviceusage.googleapis.com/v1/projects/asa-website-497e5/services/firebasedatabase.googleapis.com [none]
[debug] [2024-03-10T22:36:39.507Z] >>> [apiv2][(partial)header] GET https://serviceusage.googleapis.com/v1/projects/asa-website-497e5/services/firebasedatabase.googleapis.com x-goog-quota-user=projects/asa-website-497e5
[debug] [2024-03-10T22:36:39.793Z] <<< [apiv2][status] GET https://serviceusage.googleapis.com/v1/projects/asa-website-497e5/services/firebasedatabase.googleapis.com 200
[debug] [2024-03-10T22:36:39.793Z] <<< [apiv2][body] GET https://serviceusage.googleapis.com/v1/projects/asa-website-497e5/services/firebasedatabase.googleapis.com [omitted]
[info] +  database: required API firebasedatabase.googleapis.com is enabled 
[info] 
[debug] [2024-03-10T22:36:39.804Z] >>> [apiv2][query] GET https://firebase.googleapis.com/v1beta1/projects/asa-website-497e5 [none]
[debug] [2024-03-10T22:36:40.042Z] <<< [apiv2][status] GET https://firebase.googleapis.com/v1beta1/projects/asa-website-497e5 200
[debug] [2024-03-10T22:36:40.042Z] <<< [apiv2][body] GET https://firebase.googleapis.com/v1beta1/projects/asa-website-497e5 {"projectId":"asa-website-497e5","projectNumber":"99134876612","displayName":"asa-website","name":"projects/asa-website-497e5","resources":{"hostingSite":"asa-website-497e5"},"state":"ACTIVE","etag":"1_06ae9be0-0211-403e-89a7-8754312fb4f5"}
